Error procesando UID 59:
Traceback (most recent call last):
  File "/home/sistemas/Proyectos/App_Facturacion/backend/apps/correos/tasks.py", line 200, in revisar_bandeja_entrada
    datos_archivo = parte.get_payload(decode=True)
TypeError: MailPart.get_payload() got an unexpected keyword argument 'decode'

Error procesando UID 60:
Traceback (most recent call last):
  File "/home/sistemas/Proyectos/App_Facturacion/backend/apps/correos/tasks.py", line 200, in revisar_bandeja_entrada
    datos_archivo = parte.get_payload(decode=True)
TypeError: MailPart.get_payload() got an unexpected keyword argument 'decode'

Error procesando UID 61:
Traceback (most recent call last):
  File "/home/sistemas/Proyectos/App_Facturacion/backend/apps/correos/tasks.py", line 200, in revisar_bandeja_entrada
    datos_archivo = parte.get_payload(decode=True)
TypeError: MailPart.get_payload() got an unexpected keyword argument 'decode'

Error procesando UID 71:
Traceback (most recent call last):
  File "/home/sistemas/Proyectos/App_Facturacion/backend/venv/lib/python3.14/site-packages/django/db/backends/utils.py", line 105, in _execute
    return self.cursor.execute(sql, params)
           ~~~~~~~~~~~~~~~~~~~^^^^^^^^^^^^^
  File "/home/sistemas/Proyectos/App_Facturacion/backend/venv/lib/python3.14/site-packages/django/db/backends/sqlite3/base.py", line 359, in execute
    return super().execute(query, params)
           ~~~~~~~~~~~~~~~^^^^^^^^^^^^^^^
sqlite3.IntegrityError: NOT NULL constraint failed: correos_comprobante.folio_factura_extraido

The above exception was the direct cause of the following exception:

Traceback (most recent call last):
  File "/home/sistemas/Proyectos/App_Facturacion/backend/apps/correos/tasks.py", line 221, in revisar_bandeja_entrada
    comprobante = Comprobante.objects.create(
        correo=correo,
    ...<3 lines>...
        tipo_ingreso=tipo_detectado
    )
  File "/home/sistemas/Proyectos/App_Facturacion/backend/venv/lib/python3.14/site-packages/django/db/models/manager.py", line 87, in manager_method
    return getattr(self.get_queryset(), name)(*args, **kwargs)
           ~~~~~~~~~~~~~~~~~~~~~~~~~~~~~~~~~~^^^^^^^^^^^^^^^^^
  File "/home/sistemas/Proyectos/App_Facturacion/backend/venv/lib/python3.14/site-packages/django/db/models/query.py", line 669, in create
    obj.save(force_insert=True, using=self.db)
    ~~~~~~~~^^^^^^^^^^^^^^^^^^^^^^^^^^^^^^^^^^
  File "/home/sistemas/Proyectos/App_Facturacion/backend/venv/lib/python3.14/site-packages/django/db/models/base.py", line 874, in save
    self.save_base(
    ~~~~~~~~~~~~~~^
        using=using,
        ^^^^^^^^^^^^
    ...<2 lines>...
        update_fields=update_fields,
        ^^^^^^^^^^^^^^^^^^^^^^^^^^^^
    )
    ^
  File "/home/sistemas/Proyectos/App_Facturacion/backend/venv/lib/python3.14/site-packages/django/db/models/base.py", line 966, in save_base
    updated = self._save_table(
        raw,
    ...<4 lines>...
        update_fields,
    )
  File "/home/sistemas/Proyectos/App_Facturacion/backend/venv/lib/python3.14/site-packages/django/db/models/base.py", line 1169, in _save_table
    results = self._do_insert(
        cls._base_manager, using, insert_fields, returning_fields, raw
    )
  File "/home/sistemas/Proyectos/App_Facturacion/backend/venv/lib/python3.14/site-packages/django/db/models/base.py", line 1220, in _do_insert
    return manager._insert(
           ~~~~~~~~~~~~~~~^
        [self],
        ^^^^^^^
    ...<3 lines>...
        raw=raw,
        ^^^^^^^^
    )
    ^
  File "/home/sistemas/Proyectos/App_Facturacion/backend/venv/lib/python3.14/site-packages/django/db/models/manager.py", line 87, in manager_method
    return getattr(self.get_queryset(), name)(*args, **kwargs)
           ~~~~~~~~~~~~~~~~~~~~~~~~~~~~~~~~~~^^^^^^^^^^^^^^^^^
  File "/home/sistemas/Proyectos/App_Facturacion/backend/venv/lib/python3.14/site-packages/django/db/models/query.py", line 1918, in _insert
    return query.get_compiler(using=using).execute_sql(returning_fields)
           ~~~~~~~~~~~~~~~~~~~~~~~~~~~~~~~~~~~~~~~~~~~^^^^^^^^^^^^^^^^^^
  File "/home/sistemas/Proyectos/App_Facturacion/backend/venv/lib/python3.14/site-packages/django/db/models/sql/compiler.py", line 1925, in execute_sql
    cursor.execute(sql, params)
    ~~~~~~~~~~~~~~^^^^^^^^^^^^^
  File "/home/sistemas/Proyectos/App_Facturacion/backend/venv/lib/python3.14/site-packages/django/db/backends/utils.py", line 122, in execute
    return super().execute(sql, params)
           ~~~~~~~~~~~~~~~^^^^^^^^^^^^^
  File "/home/sistemas/Proyectos/App_Facturacion/backend/venv/lib/python3.14/site-packages/django/db/backends/utils.py", line 79, in execute
    return self._execute_with_wrappers(
           ~~~~~~~~~~~~~~~~~~~~~~~~~~~^
        sql, params, many=False, executor=self._execute
        ^^^^^^^^^^^^^^^^^^^^^^^^^^^^^^^^^^^^^^^^^^^^^^^
    )
    ^
  File "/home/sistemas/Proyectos/App_Facturacion/backend/venv/lib/python3.14/site-packages/django/db/backends/utils.py", line 92, in _execute_with_wrappers
    return executor(sql, params, many, context)
  File "/home/sistemas/Proyectos/App_Facturacion/backend/venv/lib/python3.14/site-packages/django/db/backends/utils.py", line 100, in _execute
    with self.db.wrap_database_errors:
         ^^^^^^^^^^^^^^^^^^^^^^^^^^^^
  File "/home/sistemas/Proyectos/App_Facturacion/backend/venv/lib/python3.14/site-packages/django/db/utils.py", line 94, in __exit__
    raise dj_exc_value.with_traceback(traceback) from exc_value
  File "/home/sistemas/Proyectos/App_Facturacion/backend/venv/lib/python3.14/site-packages/django/db/backends/utils.py", line 105, in _execute
    return self.cursor.execute(sql, params)
           ~~~~~~~~~~~~~~~~~~~^^^^^^^^^^^^^
  File "/home/sistemas/Proyectos/App_Facturacion/backend/venv/lib/python3.14/site-packages/django/db/backends/sqlite3/base.py", line 359, in execute
    return super().execute(query, params)
           ~~~~~~~~~~~~~~~^^^^^^^^^^^^^^^
django.db.utils.IntegrityError: NOT NULL constraint failed: correos_comprobante.folio_factura_extraido

Error procesando UID 72:
Traceback (most recent call last):
  File "/home/sistemas/Proyectos/App_Facturacion/backend/venv/lib/python3.14/site-packages/django/db/backends/utils.py", line 105, in _execute
    return self.cursor.execute(sql, params)
           ~~~~~~~~~~~~~~~~~~~^^^^^^^^^^^^^
  File "/home/sistemas/Proyectos/App_Facturacion/backend/venv/lib/python3.14/site-packages/django/db/backends/sqlite3/base.py", line 359, in execute
    return super().execute(query, params)
           ~~~~~~~~~~~~~~~^^^^^^^^^^^^^^^
sqlite3.IntegrityError: NOT NULL constraint failed: correos_comprobante.folio_factura_extraido

The above exception was the direct cause of the following exception:

Traceback (most recent call last):
  File "/home/sistemas/Proyectos/App_Facturacion/backend/apps/correos/tasks.py", line 221, in revisar_bandeja_entrada
    comprobante = Comprobante.objects.create(
        correo=correo,
    ...<3 lines>...
        tipo_ingreso=tipo_detectado
    )
  File "/home/sistemas/Proyectos/App_Facturacion/backend/venv/lib/python3.14/site-packages/django/db/models/manager.py", line 87, in manager_method
    return getattr(self.get_queryset(), name)(*args, **kwargs)
           ~~~~~~~~~~~~~~~~~~~~~~~~~~~~~~~~~~^^^^^^^^^^^^^^^^^
  File "/home/sistemas/Proyectos/App_Facturacion/backend/venv/lib/python3.14/site-packages/django/db/models/query.py", line 669, in create
    obj.save(force_insert=True, using=self.db)
    ~~~~~~~~^^^^^^^^^^^^^^^^^^^^^^^^^^^^^^^^^^
  File "/home/sistemas/Proyectos/App_Facturacion/backend/venv/lib/python3.14/site-packages/django/db/models/base.py", line 874, in save
    self.save_base(
    ~~~~~~~~~~~~~~^
        using=using,
        ^^^^^^^^^^^^
    ...<2 lines>...
        update_fields=update_fields,
        ^^^^^^^^^^^^^^^^^^^^^^^^^^^^
    )
    ^
  File "/home/sistemas/Proyectos/App_Facturacion/backend/venv/lib/python3.14/site-packages/django/db/models/base.py", line 966, in save_base
    updated = self._save_table(
        raw,
    ...<4 lines>...
        update_fields,
    )
  File "/home/sistemas/Proyectos/App_Facturacion/backend/venv/lib/python3.14/site-packages/django/db/models/base.py", line 1169, in _save_table
    results = self._do_insert(
        cls._base_manager, using, insert_fields, returning_fields, raw
    )
  File "/home/sistemas/Proyectos/App_Facturacion/backend/venv/lib/python3.14/site-packages/django/db/models/base.py", line 1220, in _do_insert
    return manager._insert(
           ~~~~~~~~~~~~~~~^
        [self],
        ^^^^^^^
    ...<3 lines>...
        raw=raw,
        ^^^^^^^^
    )
    ^
  File "/home/sistemas/Proyectos/App_Facturacion/backend/venv/lib/python3.14/site-packages/django/db/models/manager.py", line 87, in manager_method
    return getattr(self.get_queryset(), name)(*args, **kwargs)
           ~~~~~~~~~~~~~~~~~~~~~~~~~~~~~~~~~~^^^^^^^^^^^^^^^^^
  File "/home/sistemas/Proyectos/App_Facturacion/backend/venv/lib/python3.14/site-packages/django/db/models/query.py", line 1918, in _insert
    return query.get_compiler(using=using).execute_sql(returning_fields)
           ~~~~~~~~~~~~~~~~~~~~~~~~~~~~~~~~~~~~~~~~~~~^^^^^^^^^^^^^^^^^^
  File "/home/sistemas/Proyectos/App_Facturacion/backend/venv/lib/python3.14/site-packages/django/db/models/sql/compiler.py", line 1925, in execute_sql
    cursor.execute(sql, params)
    ~~~~~~~~~~~~~~^^^^^^^^^^^^^
  File "/home/sistemas/Proyectos/App_Facturacion/backend/venv/lib/python3.14/site-packages/django/db/backends/utils.py", line 122, in execute
    return super().execute(sql, params)
           ~~~~~~~~~~~~~~~^^^^^^^^^^^^^
  File "/home/sistemas/Proyectos/App_Facturacion/backend/venv/lib/python3.14/site-packages/django/db/backends/utils.py", line 79, in execute
    return self._execute_with_wrappers(
           ~~~~~~~~~~~~~~~~~~~~~~~~~~~^
        sql, params, many=False, executor=self._execute
        ^^^^^^^^^^^^^^^^^^^^^^^^^^^^^^^^^^^^^^^^^^^^^^^
    )
    ^
  File "/home/sistemas/Proyectos/App_Facturacion/backend/venv/lib/python3.14/site-packages/django/db/backends/utils.py", line 92, in _execute_with_wrappers
    return executor(sql, params, many, context)
  File "/home/sistemas/Proyectos/App_Facturacion/backend/venv/lib/python3.14/site-packages/django/db/backends/utils.py", line 100, in _execute
    with self.db.wrap_database_errors:
         ^^^^^^^^^^^^^^^^^^^^^^^^^^^^
  File "/home/sistemas/Proyectos/App_Facturacion/backend/venv/lib/python3.14/site-packages/django/db/utils.py", line 94, in __exit__
    raise dj_exc_value.with_traceback(traceback) from exc_value
  File "/home/sistemas/Proyectos/App_Facturacion/backend/venv/lib/python3.14/site-packages/django/db/backends/utils.py", line 105, in _execute
    return self.cursor.execute(sql, params)
           ~~~~~~~~~~~~~~~~~~~^^^^^^^^^^^^^
  File "/home/sistemas/Proyectos/App_Facturacion/backend/venv/lib/python3.14/site-packages/django/db/backends/sqlite3/base.py", line 359, in execute
    return super().execute(query, params)
           ~~~~~~~~~~~~~~~^^^^^^^^^^^^^^^
django.db.utils.IntegrityError: NOT NULL constraint failed: correos_comprobante.folio_factura_extraido

